<?xml version="1.0" encoding="UTF-8"?>
<!-- Generated by org.testng.reporters.JUnitReportReporter -->
<testsuite hostname="Himen-PC" name="com.selenium.flipkartlogin.CrossBroswerTestScript" tests="2" failures="0" timestamp="4 Dec 2019 19:37:08 GMT" time="41.315" errors="0">
  <testcase name="assignmentExample" time="18.436" classname="com.selenium.flipkartlogin.CrossBroswerTestScript"/>
  <testcase name="assignmentExample" time="22.879" classname="com.selenium.flipkartlogin.CrossBroswerTestScript"/>
</testsuite> <!-- com.selenium.flipkartlogin.CrossBroswerTestScript -->
